INFO:logger:Database connected
INFO:logger:Model created and data selected successfully
INFO:logger:Database connected
INFO:logger:Model created and data selected successfully
ERROR:logger:Insert Error: 
ERROR:logger:Failed to insert new row
INFO:logger:Selected first row data: {'Year': 2024, 'Month': 1, 'Day': 10, 'Hour': 1, 'Wave_Height': 9, 'Wave_Dir': 15}
ERROR:logger:Insert Error: 
ERROR:logger:Failed to insert new row
INFO:logger:Selected first row data: {'Year': 2024, 'Month': 1, 'Day': 10, 'Hour': 1, 'Wave_Height': 9, 'Wave_Dir': 15}
INFO:logger:Database connected
INFO:logger:Model created and data selected successfully
INFO:logger:Database connected
INFO:logger:Model created and data selected successfully
ERROR:logger:Insert Error: 
ERROR:logger:Failed to insert new row
INFO:logger:Selected first row data: {'Year': 2024, 'Month': 1, 'Day': 10, 'Hour': 1, 'Wave_Height': 9, 'Wave_Dir': 15}
ERROR:logger:Insert Error: 
ERROR:logger:Failed to insert new row
INFO:logger:Selected first row data: {'Year': 2024, 'Month': 1, 'Day': 10, 'Hour': 1, 'Wave_Height': 9, 'Wave_Dir': 15}
ERROR:logger:Insert Error: 
ERROR:logger:Failed to insert new row
INFO:logger:Selected first row data: {'Year': 2024, 'Month': 1, 'Day': 10, 'Hour': 1, 'Wave_Height': 9, 'Wave_Dir': 15}
ERROR:logger:Insert Error: 
ERROR:logger:Failed to insert new row
INFO:logger:Selected first row data: {'Year': 2024, 'Month': 1, 'Day': 10, 'Hour': 1, 'Wave_Height': 9, 'Wave_Dir': 15}
INFO:logger:Database connected
INFO:logger:Model created and data selected successfully
ERROR:logger:Insert Error: 
ERROR:logger:Failed to insert new row
INFO:logger:Selected first row data: {'Year': 2024, 'Month': 1, 'Day': 10, 'Hour': 1, 'Wave_Height': 9, 'Wave_Dir': 15}
INFO:logger:Database connected
INFO:logger:Model created and data selected successfully
INFO:logger:Database connected
INFO:logger:Model created and data selected successfully
ERROR:logger:Insert Error: 
ERROR:logger:Failed to insert new row
INFO:logger:Selected first row data: {'Year': 2024, 'Month': 1, 'Day': 10, 'Hour': 1, 'Wave_Height': 9, 'Wave_Dir': 15}
INFO:logger:Database connected
INFO:logger:Model created and data selected successfully
ERROR:logger:Insert Error: 
ERROR:logger:Failed to insert new row
INFO:logger:Selected first row data: SeaData(year=2024, month=1, day=10, hour=1, waveHeight=9, waveDir=15)
ERROR:logger:Insert Error: 
ERROR:logger:Failed to insert new row
INFO:logger:Selected first row data: SeaData(year=2024, month=1, day=10, hour=1, waveHeight=9, waveDir=15)
ERROR:logger:Insert Error: 
ERROR:logger:Failed to insert new row
INFO:logger:Selected first row data: SeaData(year=2024, month=1, day=10, hour=1, waveHeight=9, waveDir=15)
ERROR:logger:Insert Error: 
ERROR:logger:Failed to insert new row
INFO:logger:Selected first row data: SeaData(year=2024, month=1, day=10, hour=1, waveHeight=9, waveDir=15)
INFO:logger:Database connected
INFO:logger:Model created and data selected successfully
INFO:logger:Row inserted successfully
INFO:logger:New row inserted successfully
INFO:logger:Selected first row data: SeaData(year=2024, month=1, day=10, hour=1, waveHeight=9, waveDir=15)
INFO:logger:Database connected
ERROR:logger:Error: Unable to find table Sea_Data
ERROR:logger:Insert Error: No Fields to update
ERROR:logger:Failed to insert new row
INFO:logger:Selected first row data: SeaData(year=None, month=None, day=None, hour=None, waveHeight=None, waveDir=None)
ERROR:logger:Query Error: Parameter count mismatch
INFO:logger:Selected Limit: None
ERROR:logger:Insert Error: No Fields to update
ERROR:logger:Failed to insert new row
INFO:logger:Selected first row data: SeaData(year=None, month=None, day=None, hour=None, waveHeight=None, waveDir=None)
ERROR:logger:Query Error: Parameter count mismatch
INFO:logger:Selected Limit: None
INFO:logger:Database connected
ERROR:logger:Error: Unable to find table Sea_Data
ERROR:logger:Insert Error: No Fields to update
ERROR:logger:Failed to insert new row
INFO:logger:Selected first row data: SeaData(year=None, month=None, day=None, hour=None, waveHeight=None, waveDir=None)
ERROR:logger:Query Error: Parameter count mismatch
INFO:logger:Selected Limit: None
INFO:logger:Database connected
ERROR:logger:Error: Unable to find table Sea_Data
ERROR:logger:Insert Error: No Fields to update
ERROR:logger:Failed to insert new row
INFO:logger:Selected first row data: SeaData(year=None, month=None, day=None, hour=None, waveHeight=None, waveDir=None)
INFO:logger:Database connected
ERROR:logger:Error: Unable to find table Sea_Data
ERROR:logger:Insert Error: No Fields to update
ERROR:logger:Failed to insert new row
INFO:logger:Selected first row data: SeaData(year=None, month=None, day=None, hour=None, waveHeight=None, waveDir=None)
ERROR:logger:Query Error: Parameter count mismatch
INFO:logger:Selected Limit: None
INFO:logger:Database connected
ERROR:logger:Error: Unable to find table Sea_Data
INFO:logger:Database connected
ERROR:logger:Error: Unable to find table Sea_Data
ERROR:logger:Insert Error: No Fields to update
ERROR:logger:Failed to insert new row
INFO:logger:Selected first row data: SeaData(year=None, month=None, day=None, hour=None, waveHeight=None, waveDir=None)
ERROR:logger:Query Error: Parameter count mismatch
INFO:logger:Selected Limit: None
ERROR:logger:Insert Error: No Fields to update
ERROR:logger:Failed to insert new row
INFO:logger:Selected first row data: SeaData(year=None, month=None, day=None, hour=None, waveHeight=None, waveDir=None)
ERROR:logger:Query Error: Parameter count mismatch
INFO:logger:Selected Limit: None
ERROR:logger:Cannot open database
ERROR:logger:Cannot open database
INFO:logger:Database connected
INFO:logger:Model created and data selected successfully
INFO:logger:Row inserted successfully
INFO:logger:New row inserted successfully
INFO:logger:Selected first row data: SeaData(year=2024, month=1, day=10, hour=1, waveHeight=9, waveDir=15)
INFO:logger:Selected Limit: Limit(id=1, values=[LimitValue(wavePeriod=1, waveDir=1, waveHeight=1)])
INFO:logger:Row inserted successfully
INFO:logger:New row inserted successfully
INFO:logger:Selected first row data: SeaData(year=2024, month=1, day=10, hour=1, waveHeight=9, waveDir=15)
INFO:logger:Selected Limit: Limit(id=1, values=[LimitValue(wavePeriod=1, waveDir=1, waveHeight=1)])
INFO:logger:Database connected
INFO:logger:Model created and data selected successfully
INFO:logger:Database connected
INFO:logger:Model created and data selected successfully
INFO:logger:Database connected
INFO:logger:Model created and data selected successfully
INFO:logger:Database connected
INFO:logger:Model created and data selected successfully
INFO:logger:Database connected
INFO:logger:Model created and data selected successfully
